2025-09-03T17:57:49 prefetch.3.2.1: 1) Resolving 'SRR25630299'...
2025-09-03T17:57:51 prefetch.3.2.1: Current preference is set to retrieve SRA Normalized Format files with full base quality scores
2025-09-03T17:57:51 prefetch.3.2.1: 1) Downloading 'SRR25630299'...
2025-09-03T17:57:51 prefetch.3.2.1:  SRA Normalized Format file is being retrieved
2025-09-03T17:57:51 prefetch.3.2.1:  Downloading via HTTPS...
2025-09-03T17:59:52 prefetch.3.2.1:  HTTPS download succeed
2025-09-03T17:59:59 prefetch.3.2.1:  'SRR25630299' is valid: 4447903220 bytes were streamed from 4447900507
2025-09-03T17:59:59 prefetch.3.2.1: 1) 'SRR25630299' was downloaded successfully
2025-09-03T17:59:59 prefetch.3.2.1: 1) Resolving 'SRR25630299's dependencies...
2025-09-03T17:59:59 prefetch.3.2.1: 'SRR25630299' has 0 unresolved dependencies
2025-09-03T18:51:15 prefetch.3.2.1: 1) Resolving 'SRR25630379'...
2025-09-03T18:51:16 prefetch.3.2.1: Current preference is set to retrieve SRA Normalized Format files with full base quality scores
2025-09-03T18:51:17 prefetch.3.2.1: 1) Downloading 'SRR25630379'...
2025-09-03T18:51:17 prefetch.3.2.1:  SRA Normalized Format file is being retrieved
2025-09-03T18:51:17 prefetch.3.2.1:  Downloading via HTTPS...
2025-09-03T18:52:47 prefetch.3.2.1:  HTTPS download succeed
2025-09-03T18:52:53 prefetch.3.2.1:  'SRR25630379' is valid: 3346962837 bytes were streamed from 3346959799
2025-09-03T18:52:53 prefetch.3.2.1: 1) 'SRR25630379' was downloaded successfully
2025-09-03T18:52:53 prefetch.3.2.1: 1) Resolving 'SRR25630379's dependencies...
2025-09-03T18:52:53 prefetch.3.2.1: 'SRR25630379' has 0 unresolved dependencies
