	Command being timed: "STAR --runThreadN 8 --runMode genomeGenerate --genomeDir campylomormyrus.STAR_2.7.11b/ --genomeFastaFiles /projects/bgmp/shared/Bi623/PS2/campylomormyrus.fasta --genomeSAindexNbases 13 --sjdbGTFfile campylomormyrus.gtf"
	User time (seconds): 1195.59
	System time (seconds): 19.63
	Percent of CPU this job got: 485%
	Elapsed (wall clock) time (h:mm:ss or m:ss): 4:10.48
	Average shared text size (kbytes): 0
	Average unshared data size (kbytes): 0
	Average stack size (kbytes): 0
	Average total size (kbytes): 0
	Maximum resident set size (kbytes): 25053116
	Average resident set size (kbytes): 0
	Major (requiring I/O) page faults: 0
	Minor (reclaiming a frame) page faults: 5107775
	Voluntary context switches: 5719
	Involuntary context switches: 2243
	Swaps: 0
	File system inputs: 0
	File system outputs: 0
	Socket messages sent: 0
	Socket messages received: 0
	Signals delivered: 0
	Page size (bytes): 4096
	Exit status: 0
