	Command being timed: "./len_dist.py -f1 trimmed/paired_CcoxCrh_comrhy59_EO_6cm_1_1.fastq.gz -f2 trimmed/paired_CcoxCrh_comrhy59_EO_6cm_1_2.fastq.gz -o length_distributions/CcoxCrh_comrhy59_EO_6cm_1.tsv"
	User time (seconds): 262.28
	System time (seconds): 0.52
	Percent of CPU this job got: 99%
	Elapsed (wall clock) time (h:mm:ss or m:ss): 4:24.35
	Average shared text size (kbytes): 0
	Average unshared data size (kbytes): 0
	Average stack size (kbytes): 0
	Average total size (kbytes): 0
	Maximum resident set size (kbytes): 16412
	Average resident set size (kbytes): 0
	Major (requiring I/O) page faults: 0
	Minor (reclaiming a frame) page faults: 3558
	Voluntary context switches: 240
	Involuntary context switches: 646
	Swaps: 0
	File system inputs: 0
	File system outputs: 0
	Socket messages sent: 0
	Socket messages received: 0
	Signals delivered: 0
	Page size (bytes): 4096
	Exit status: 0
	Command being timed: "./len_dist.py -f1 trimmed/paired_CcoxCrh_comrhy113_EO_adult_2_1.fastq.gz -f2 trimmed/paired_CcoxCrh_comrhy113_EO_adult_2_2.fastq.gz -o length_distributions/CcoxCrh_comrhy113_EO_adult_2.tsv"
	User time (seconds): 200.00
	System time (seconds): 0.40
	Percent of CPU this job got: 99%
	Elapsed (wall clock) time (h:mm:ss or m:ss): 3:21.15
	Average shared text size (kbytes): 0
	Average unshared data size (kbytes): 0
	Average stack size (kbytes): 0
	Average total size (kbytes): 0
	Maximum resident set size (kbytes): 16604
	Average resident set size (kbytes): 0
	Major (requiring I/O) page faults: 0
	Minor (reclaiming a frame) page faults: 3572
	Voluntary context switches: 69
	Involuntary context switches: 491
	Swaps: 0
	File system inputs: 0
	File system outputs: 0
	Socket messages sent: 0
	Socket messages received: 0
	Signals delivered: 0
	Page size (bytes): 4096
	Exit status: 0
